[2023-01-16T21:27:59.561] [WARN] Warn - Ruta: "/web" | Método: "GET" | Respuesta HTTP: "404: Not Found"
[2023-01-16T21:28:02.800] [WARN] Warn - Ruta: "/api/usuario" | Método: "GET" | Respuesta HTTP: "401: Unauthorized"
[2023-01-16T21:28:14.208] [WARN] Warn - Ruta: "/api/usuario" | Método: "GET" | Respuesta HTTP: "401: Unauthorized"
[2023-01-16T21:28:14.354] [WARN] Warn - Ruta: "/api/carrito/undefined" | Método: "POST" | Respuesta HTTP: "401: Unauthorized"
[2023-01-16T21:28:14.498] [WARN] Warn - Ruta: "/api/carrito/-3/productos/63b9c78188211c9d73f94a89" | Método: "POST" | Respuesta HTTP: "401: Unauthorized"
[2023-01-16T21:28:29.147] [WARN] Warn - No existe el usuario con el mail indicado.
[2023-01-16T21:28:29.228] [WARN] Warn - Ruta: "/auth/login" | Método: "POST" | Respuesta HTTP: "401: Unauthorized"
[2023-01-16T21:31:47.293] [WARN] Warn - Ruta: "/api/usuario" | Método: "GET" | Respuesta HTTP: "401: Unauthorized"
[2023-01-16T21:31:47.441] [WARN] Warn - Ruta: "/api/carrito/undefined" | Método: "POST" | Respuesta HTTP: "401: Unauthorized"
[2023-01-16T21:31:47.561] [WARN] Warn - Ruta: "/api/carrito/-3/productos/632bbd1652facedf4295b933" | Método: "POST" | Respuesta HTTP: "401: Unauthorized"
[2023-01-16T21:31:56.181] [WARN] Warn - Ruta: "/api/productos/632bbd1652facedf4295b933" | Método: "DELETE" | Respuesta HTTP: "401: Unauthorized"
[2023-01-16T21:32:49.006] [WARN] Warn - Ruta: "/api/usuario" | Método: "GET" | Respuesta HTTP: "401: Unauthorized"
[2023-01-16T21:32:49.078] [WARN] Warn - Ruta: "/api/usuario" | Método: "GET" | Respuesta HTTP: "401: Unauthorized"
[2023-01-16T21:32:49.207] [WARN] Warn - Ruta: "/api/carrito/undefined/productos" | Método: "GET" | Respuesta HTTP: "401: Unauthorized"
[2023-01-16T21:32:58.489] [WARN] Warn - Ruta: "/api/usuario" | Método: "GET" | Respuesta HTTP: "401: Unauthorized"
[2023-01-16T21:32:58.569] [WARN] Warn - Ruta: "/api/usuario" | Método: "GET" | Respuesta HTTP: "401: Unauthorized"
[2023-01-16T21:32:58.694] [WARN] Warn - Ruta: "/api/carrito/undefined/productos" | Método: "GET" | Respuesta HTTP: "401: Unauthorized"
[2023-01-16T22:40:38.499] [WARN] Warn - Ruta: "/api/usuario" | Método: "GET" | Respuesta HTTP: "401: Unauthorized"
[2023-01-16T22:42:48.779] [WARN] Warn - Ruta: "/api/productos/" | Método: "POST" | Respuesta HTTP: "401: Unauthorized"
[2023-01-16T22:43:43.971] [WARN] Warn - Ruta: "/api/usuario" | Método: "GET" | Respuesta HTTP: "401: Unauthorized"
[2023-01-16T22:43:44.038] [WARN] Warn - Ruta: "/api/usuario" | Método: "GET" | Respuesta HTTP: "401: Unauthorized"
[2023-01-16T22:43:44.160] [WARN] Warn - Ruta: "/api/carrito/undefined/productos" | Método: "GET" | Respuesta HTTP: "401: Unauthorized"
[2023-01-16T22:43:45.217] [WARN] Warn - Ruta: "/api/usuario" | Método: "GET" | Respuesta HTTP: "401: Unauthorized"
[2023-01-16T22:49:17.048] [WARN] Warn - Ruta: "/auth/signup" | Método: "POST" | Respuesta HTTP: "400: Bad Request"
[2023-01-16T22:50:36.165] [WARN] Warn - Ruta: "/api/ordenes/" | Método: "GET" | Respuesta HTTP: "404: Not Found"
[2023-01-16T22:50:54.207] [WARN] Warn - Ruta: "/api/ordenes/" | Método: "GET" | Respuesta HTTP: "404: Not Found"
[2023-01-16T22:51:10.923] [WARN] Warn - Ruta: "/api/carrito/63c5febc666e006a4d12e4b0/productos" | Método: "GET" | Respuesta HTTP: "404: Not Found"
[2023-01-16T22:51:27.629] [WARN] Warn - Ruta: "/api/ordenes/" | Método: "GET" | Respuesta HTTP: "404: Not Found"
[2023-01-18T23:08:41.570] [WARN] Warn - Ruta: "/api/usuario" | Método: "GET" | Respuesta HTTP: "401: Unauthorized"
[2023-01-18T23:14:00.362] [WARN] Warn - Ruta: "/api/usuario" | Método: "GET" | Respuesta HTTP: "401: Unauthorized"
[2023-01-18T23:14:00.771] [WARN] Warn - Ruta: "/api/productos/listado" | Método: "GET" | Respuesta HTTP: "404: Not Found"
[2023-01-18T23:29:40.539] [WARN] Warn - Ruta: "/api/usuario" | Método: "GET" | Respuesta HTTP: "401: Unauthorized"
[2023-01-18T23:29:40.710] [WARN] Warn - Ruta: "/api/productos/listado" | Método: "GET" | Respuesta HTTP: "404: Not Found"
[2023-01-18T23:29:42.371] [WARN] Warn - Ruta: "/api/usuario" | Método: "GET" | Respuesta HTTP: "401: Unauthorized"
[2023-01-18T23:29:42.559] [WARN] Warn - Ruta: "/api/productos/listado" | Método: "GET" | Respuesta HTTP: "404: Not Found"
[2023-01-18T23:29:44.961] [WARN] Warn - Ruta: "/api/usuario" | Método: "GET" | Respuesta HTTP: "401: Unauthorized"
[2023-01-18T23:29:45.173] [WARN] Warn - Ruta: "/api/productos/listado" | Método: "GET" | Respuesta HTTP: "404: Not Found"
[2023-01-18T23:30:06.020] [WARN] Warn - Ruta: "/api/usuario" | Método: "GET" | Respuesta HTTP: "401: Unauthorized"
[2023-01-18T23:30:06.222] [WARN] Warn - Ruta: "/api/productos/listado" | Método: "GET" | Respuesta HTTP: "404: Not Found"
[2023-01-18T23:30:18.124] [WARN] Warn - No existe el usuario con el mail indicado.
[2023-01-18T23:30:18.409] [WARN] Warn - Ruta: "/auth/login" | Método: "POST" | Respuesta HTTP: "401: Unauthorized"
[2023-01-18T23:32:58.153] [WARN] Warn - Ruta: "/api/usuario" | Método: "GET" | Respuesta HTTP: "401: Unauthorized"
[2023-01-18T23:32:58.418] [WARN] Warn - Ruta: "/api/productos/listado" | Método: "GET" | Respuesta HTTP: "404: Not Found"
[2023-01-18T23:38:35.980] [WARN] Warn - Ruta: "/api/usuario" | Método: "GET" | Respuesta HTTP: "401: Unauthorized"
[2023-01-18T23:39:07.930] [WARN] Warn - Ruta: "/api/usuario" | Método: "GET" | Respuesta HTTP: "401: Unauthorized"
[2023-01-18T23:41:45.636] [WARN] Warn - Ruta: "/api/usuario" | Método: "GET" | Respuesta HTTP: "401: Unauthorized"
[2023-01-18T23:46:24.028] [WARN] Warn - Ruta: "/api/usuario" | Método: "GET" | Respuesta HTTP: "401: Unauthorized"
[2023-01-18T23:48:34.046] [WARN] Warn - Ruta: "/auth/logout" | Método: "POST" | Respuesta HTTP: "401: Unauthorized"
[2023-01-18T23:48:35.129] [WARN] Warn - Ruta: "/api/usuario" | Método: "GET" | Respuesta HTTP: "401: Unauthorized"
[2023-01-18T23:48:59.114] [WARN] Warn - Ruta: "/api/ordenes/" | Método: "GET" | Respuesta HTTP: "404: Not Found"
[2023-01-18T23:49:38.790] [WARN] Warn - Ruta: "/api/carrito/63c8af25274b1b21d6a085b8/productos" | Método: "GET" | Respuesta HTTP: "404: Not Found"
[2023-01-18T23:56:10.299] [WARN] Warn - Ruta: "/chat" | Método: "GET" | Respuesta HTTP: "404: Not Found"
[2023-01-18T23:56:25.941] [WARN] Warn - Ruta: "/info" | Método: "GET" | Respuesta HTTP: "404: Not Found"
[2023-01-18T23:57:10.393] [WARN] Warn - Ruta: "/chat.html/:email" | Método: "GET" | Respuesta HTTP: "404: Not Found"
[2023-01-18T23:57:25.221] [WARN] Warn - Ruta: "/info.html" | Método: "GET" | Respuesta HTTP: "404: Not Found"
[2023-01-18T23:57:47.171] [WARN] Warn - Ruta: "/register" | Método: "GET" | Respuesta HTTP: "404: Not Found"
[2023-01-19T07:45:08.192] [WARN] Warn - Ruta: "/api/usuario" | Método: "GET" | Respuesta HTTP: "401: Unauthorized"
[2023-01-19T07:45:40.226] [WARN] Warn - Ruta: "/chat/:mauronadal2@hotmail.com" | Método: "GET" | Respuesta HTTP: "404: Not Found"
[2023-01-19T08:03:28.043] [WARN] Warn - Ruta: "/api/ordenes/" | Método: "GET" | Respuesta HTTP: "401: Unauthorized"
[2023-01-19T08:03:28.044] [WARN] Warn - Ruta: "/api/usuario" | Método: "GET" | Respuesta HTTP: "401: Unauthorized"
[2023-01-19T08:03:34.940] [WARN] Warn - Ruta: "/api/usuario" | Método: "GET" | Respuesta HTTP: "401: Unauthorized"
[2023-01-19T08:03:35.139] [WARN] Warn - Ruta: "/api/usuario" | Método: "GET" | Respuesta HTTP: "401: Unauthorized"
[2023-01-19T08:03:35.547] [WARN] Warn - Ruta: "/api/carrito/undefined/productos" | Método: "GET" | Respuesta HTTP: "401: Unauthorized"
[2023-01-19T12:29:17.954] [WARN] Warn - Ruta: "/api/usuario" | Método: "GET" | Respuesta HTTP: "401: Unauthorized"
[2023-01-19T12:29:55.129] [WARN] Warn - Ruta: "/api/productos/" | Método: "GET" | Respuesta HTTP: "404: Not Found"
[2023-01-19T12:30:19.705] [WARN] Warn - Ruta: "/api/carrito/clientId" | Método: "GET" | Respuesta HTTP: "401: Unauthorized"
[2023-01-19T12:33:26.380] [WARN] Warn - Ruta: "/api/carrito/63c8af25274b1b21d6a085b8/productos" | Método: "GET" | Respuesta HTTP: "404: Not Found"
[2023-01-19T12:33:29.964] [WARN] Warn - Ruta: "/api/carrito/63c8af25274b1b21d6a085b8/productos" | Método: "GET" | Respuesta HTTP: "404: Not Found"
[2023-01-19T12:34:31.684] [WARN] Warn - Ruta: "/api/carrito/63c8af25274b1b21d6a085b8/productos" | Método: "GET" | Respuesta HTTP: "404: Not Found"
[2023-01-19T12:39:30.689] [WARN] Warn - Ruta: "/api/productos/" | Método: "GET" | Respuesta HTTP: "404: Not Found"
[2023-01-19T12:39:58.668] [WARN] Warn - Ruta: "/api/carrito/" | Método: "GET" | Respuesta HTTP: "404: Not Found"
[2023-01-19T16:12:59.776] [WARN] Warn - Ruta: "/api/usuario" | Método: "GET" | Respuesta HTTP: "401: Unauthorized"
[2023-01-19T16:13:35.103] [WARN] Warn - Ruta: "/api/carrito/63c8af25274b1b21d6a085b8/productos" | Método: "GET" | Respuesta HTTP: "404: Not Found"
[2023-01-19T16:14:33.885] [WARN] Warn - Ruta: "/api/usuario" | Método: "GET" | Respuesta HTTP: "401: Unauthorized"
[2023-01-19T16:14:41.671] [WARN] Warn - Ruta: "/api/usuario" | Método: "GET" | Respuesta HTTP: "401: Unauthorized"
[2023-01-19T16:14:42.269] [WARN] Warn - Ruta: "/api/carrito/undefined" | Método: "POST" | Respuesta HTTP: "401: Unauthorized"
[2023-01-19T16:14:42.688] [WARN] Warn - Ruta: "/api/carrito/-3/productos/632bbd1652facedf4295b933" | Método: "POST" | Respuesta HTTP: "401: Unauthorized"
[2023-01-19T16:14:48.536] [WARN] Warn - Ruta: "/api/productos/632bbd1652facedf4295b933" | Método: "DELETE" | Respuesta HTTP: "401: Unauthorized"
[2023-01-19T16:14:53.886] [WARN] Warn - Ruta: "/api/productos/632bbd1652facedf4295b933" | Método: "PUT" | Respuesta HTTP: "401: Unauthorized"
[2023-01-19T16:17:33.498] [WARN] Warn - Ruta: "/api/usuario" | Método: "GET" | Respuesta HTTP: "401: Unauthorized"
[2023-01-19T16:19:59.010] [WARN] Warn - Ruta: "/api/usuario" | Método: "GET" | Respuesta HTTP: "401: Unauthorized"
[2023-01-19T16:22:13.775] [WARN] Warn - Ruta: "/api/usuario" | Método: "GET" | Respuesta HTTP: "401: Unauthorized"
[2023-01-19T16:22:47.774] [WARN] Warn - Ruta: "/api/usuario" | Método: "GET" | Respuesta HTTP: "401: Unauthorized"
[2023-01-19T16:22:48.183] [WARN] Warn - Ruta: "/api/carrito/undefined" | Método: "POST" | Respuesta HTTP: "401: Unauthorized"
[2023-01-19T16:22:48.592] [WARN] Warn - Ruta: "/api/carrito/-3/productos/632bbd1652facedf4295b933" | Método: "POST" | Respuesta HTTP: "401: Unauthorized"
[2023-01-19T16:24:07.645] [WARN] Warn - Ruta: "/api/usuario" | Método: "GET" | Respuesta HTTP: "401: Unauthorized"
[2023-01-19T16:24:23.386] [WARN] Warn - Ruta: "/api/usuario" | Método: "GET" | Respuesta HTTP: "401: Unauthorized"
[2023-01-19T16:29:03.647] [WARN] Warn - Ruta: "/api/usuario" | Método: "GET" | Respuesta HTTP: "401: Unauthorized"
[2023-01-19T16:29:41.240] [WARN] Warn - Ruta: "/config" | Método: "GET" | Respuesta HTTP: "404: Not Found"
[2023-01-19T16:29:53.116] [WARN] Warn - Ruta: "/info" | Método: "GET" | Respuesta HTTP: "404: Not Found"
[2023-01-19T16:30:03.616] [WARN] Warn - Ruta: "/api/info" | Método: "GET" | Respuesta HTTP: "404: Not Found"
[2023-01-19T16:30:10.115] [WARN] Warn - Ruta: "/api/config" | Método: "GET" | Respuesta HTTP: "404: Not Found"
[2023-01-19T16:30:44.109] [WARN] Warn - Ruta: "/api/usuario" | Método: "GET" | Respuesta HTTP: "401: Unauthorized"
[2023-01-19T16:31:30.247] [WARN] Warn - Ruta: "/api/productos/63b9c78188211c9d73f94a89" | Método: "DELETE" | Respuesta HTTP: "401: Unauthorized"
[2023-01-19T16:31:56.402] [WARN] Warn - Ruta: "/api/productos/busqueda?name=&code=&minPrice=&maxPrice=&minStock=&maxStock=" | Método: "GET" | Respuesta HTTP: "404: Not Found"
[2023-01-19T16:33:21.480] [WARN] Warn - Ruta: "/api/carrito/63c8af25274b1b21d6a085b8/productos" | Método: "GET" | Respuesta HTTP: "404: Not Found"
[2023-01-19T16:33:37.677] [WARN] Warn - Ruta: "/api/carrito" | Método: "GET" | Respuesta HTTP: "404: Not Found"
[2023-01-19T16:34:52.119] [WARN] Warn - Ruta: "/carrito" | Método: "GET" | Respuesta HTTP: "404: Not Found"
[2023-01-19T16:35:16.899] [WARN] Warn - Ruta: "/api/productos" | Método: "GET" | Respuesta HTTP: "404: Not Found"
[2023-01-19T16:38:17.162] [WARN] Warn - Ruta: "/api/productos/listado:1" | Método: "GET" | Respuesta HTTP: "404: Not Found"
[2023-01-19T16:39:14.164] [WARN] Warn - Ruta: "/api/productos/listado:632bbd1652facedf4295b933" | Método: "GET" | Respuesta HTTP: "404: Not Found"
[2023-01-19T16:39:56.543] [WARN] Warn - Ruta: "/api/productos/listado/:id/632bbd1652facedf4295b933" | Método: "GET" | Respuesta HTTP: "404: Not Found"
[2023-01-19T16:48:17.111] [WARN] Warn - Ruta: "/api/productos/listado/:id/632bbd1652facedf4295b933" | Método: "GET" | Respuesta HTTP: "404: Not Found"
[2023-01-19T16:53:37.628] [WARN] Warn - Ruta: "/productos/listado" | Método: "GET" | Respuesta HTTP: "404: Not Found"
[2023-01-19T16:55:32.432] [WARN] Warn - Ruta: "/api/productos/:63b9c78188211c9d73f94a89" | Método: "DELETE" | Respuesta HTTP: "401: Unauthorized"
[2023-01-19T16:56:32.339] [WARN] Warn - Ruta: "/api/productos/:63b9c78188211c9d73f94a89?isAdmin=true" | Método: "DELETE" | Respuesta HTTP: "401: Unauthorized"
[2023-01-19T16:57:28.148] [WARN] Warn - Ruta: "/api/productos/:63b9c78188211c9d73f94a89" | Método: "DELETE" | Respuesta HTTP: "401: Unauthorized"
[2023-01-19T16:58:27.007] [WARN] Warn - Ruta: "/api/usuario" | Método: "GET" | Respuesta HTTP: "401: Unauthorized"
[2023-01-19T16:58:55.163] [WARN] Warn - Ruta: "/api/usuario?isAdmin=true" | Método: "GET" | Respuesta HTTP: "401: Unauthorized"
[2023-01-19T16:59:27.898] [WARN] Warn - Ruta: "/api/productos/632bbd1652facedf4295b933" | Método: "DELETE" | Respuesta HTTP: "401: Unauthorized"
[2023-01-19T16:59:36.072] [WARN] Warn - Ruta: "/auth/logout" | Método: "POST" | Respuesta HTTP: "401: Unauthorized"
[2023-01-19T16:59:37.175] [WARN] Warn - Ruta: "/api/usuario" | Método: "GET" | Respuesta HTTP: "401: Unauthorized"
[2023-01-19T17:01:02.503] [WARN] Warn - Ruta: "/api/productos/:63b9c78188211c9d73f94a89" | Método: "DELETE" | Respuesta HTTP: "401: Unauthorized"
[2023-01-19T17:03:07.949] [WARN] Warn - Ruta: "/api/usuario" | Método: "GET" | Respuesta HTTP: "401: Unauthorized"
[2023-01-19T17:03:46.006] [WARN] Warn - Ruta: "/api/carrito/63c8af25274b1b21d6a085b8/productos" | Método: "GET" | Respuesta HTTP: "404: Not Found"
[2023-01-19T17:03:48.678] [WARN] Warn - Ruta: "/api/carrito/63c8af25274b1b21d6a085b8/productos" | Método: "GET" | Respuesta HTTP: "404: Not Found"
[2023-01-19T17:04:00.864] [WARN] Warn - Ruta: "/api/productos/637e9f03fcfb557afb01b1de" | Método: "PUT" | Respuesta HTTP: "403: Forbidden"
[2023-01-19T17:04:28.384] [WARN] Warn - Ruta: "/api/productos/632bbd1652facedf4295b933" | Método: "PUT" | Respuesta HTTP: "403: Forbidden"
[2023-01-19T17:42:17.636] [WARN] Warn - Ruta: "/api/usuario" | Método: "GET" | Respuesta HTTP: "401: Unauthorized"
[2023-01-19T17:48:49.958] [WARN] Warn - Ruta: "/api/usuario" | Método: "GET" | Respuesta HTTP: "401: Unauthorized"
[2023-01-19T17:48:50.265] [WARN] Warn - Ruta: "/api/usuario" | Método: "GET" | Respuesta HTTP: "401: Unauthorized"
[2023-01-19T17:48:50.655] [WARN] Warn - Ruta: "/api/carrito/undefined/productos" | Método: "GET" | Respuesta HTTP: "401: Unauthorized"
[2023-01-19T17:49:37.880] [WARN] Warn - Ruta: "/api/usuario" | Método: "GET" | Respuesta HTTP: "401: Unauthorized"
[2023-01-19T17:49:38.096] [WARN] Warn - Ruta: "/api/usuario" | Método: "GET" | Respuesta HTTP: "401: Unauthorized"
[2023-01-19T17:49:38.484] [WARN] Warn - Ruta: "/api/carrito/undefined/productos" | Método: "GET" | Respuesta HTTP: "401: Unauthorized"
[2023-01-19T17:49:41.259] [WARN] Warn - Ruta: "/api/usuario" | Método: "GET" | Respuesta HTTP: "401: Unauthorized"
[2023-01-19T17:49:43.516] [WARN] Warn - Ruta: "/api/usuario" | Método: "GET" | Respuesta HTTP: "401: Unauthorized"
[2023-01-19T17:49:43.717] [WARN] Warn - Ruta: "/api/usuario" | Método: "GET" | Respuesta HTTP: "401: Unauthorized"
[2023-01-19T17:49:44.127] [WARN] Warn - Ruta: "/api/carrito/undefined/productos" | Método: "GET" | Respuesta HTTP: "401: Unauthorized"
[2023-01-19T17:50:31.435] [WARN] Warn - Ruta: "/api/usuario" | Método: "GET" | Respuesta HTTP: "401: Unauthorized"
[2023-01-19T17:50:31.638] [WARN] Warn - Ruta: "/api/usuario" | Método: "GET" | Respuesta HTTP: "401: Unauthorized"
[2023-01-19T17:50:32.026] [WARN] Warn - Ruta: "/api/carrito/undefined/productos" | Método: "GET" | Respuesta HTTP: "401: Unauthorized"
[2023-01-19T17:51:01.997] [WARN] Warn - Ruta: "/api/usuario" | Método: "GET" | Respuesta HTTP: "401: Unauthorized"
[2023-01-19T17:51:02.196] [WARN] Warn - Ruta: "/api/usuario" | Método: "GET" | Respuesta HTTP: "401: Unauthorized"
[2023-01-19T17:51:02.678] [WARN] Warn - Ruta: "/api/carrito/undefined/productos" | Método: "GET" | Respuesta HTTP: "401: Unauthorized"
[2023-01-19T17:51:32.151] [WARN] Warn - Ruta: "/api/usuario" | Método: "GET" | Respuesta HTTP: "401: Unauthorized"
[2023-01-19T17:51:32.360] [WARN] Warn - Ruta: "/api/usuario" | Método: "GET" | Respuesta HTTP: "401: Unauthorized"
[2023-01-19T17:51:32.760] [WARN] Warn - Ruta: "/api/carrito/undefined/productos" | Método: "GET" | Respuesta HTTP: "401: Unauthorized"
[2023-01-19T17:51:37.791] [WARN] Warn - Ruta: "/api/usuario" | Método: "GET" | Respuesta HTTP: "401: Unauthorized"
[2023-01-19T17:57:54.173] [WARN] Warn - Ruta: "/api/usuario" | Método: "GET" | Respuesta HTTP: "401: Unauthorized"
[2023-01-19T17:58:07.663] [WARN] Warn - Ruta: "/" | Método: "GET" | Respuesta HTTP: "404: Not Found"
[2023-01-19T17:58:15.188] [WARN] Warn - Ruta: "/" | Método: "GET" | Respuesta HTTP: "404: Not Found"
[2023-01-19T17:58:34.947] [WARN] Warn - Ruta: "/" | Método: "GET" | Respuesta HTTP: "404: Not Found"
[2023-01-19T17:58:47.909] [WARN] Warn - Ruta: "/api/usuario" | Método: "GET" | Respuesta HTTP: "401: Unauthorized"
[2023-01-19T17:59:46.418] [WARN] Warn - Ruta: "/api/usuario" | Método: "GET" | Respuesta HTTP: "401: Unauthorized"
[2023-01-19T18:00:17.753] [WARN] Warn - Ruta: "/api/usuario" | Método: "GET" | Respuesta HTTP: "401: Unauthorized"
[2023-01-19T18:02:01.686] [WARN] Warn - Ruta: "/api/usuario" | Método: "GET" | Respuesta HTTP: "401: Unauthorized"
[2023-01-19T18:05:19.581] [WARN] Warn - Ruta: "/api/productos/" | Método: "POST" | Respuesta HTTP: "401: Unauthorized"
[2023-01-19T18:07:56.702] [WARN] Warn - Ruta: "/api/usuario" | Método: "GET" | Respuesta HTTP: "401: Unauthorized"
[2023-01-19T18:07:56.895] [WARN] Warn - Ruta: "/api/usuario" | Método: "GET" | Respuesta HTTP: "401: Unauthorized"
[2023-01-19T18:07:57.319] [WARN] Warn - Ruta: "/api/carrito/undefined/productos" | Método: "GET" | Respuesta HTTP: "401: Unauthorized"
[2023-01-19T18:08:30.496] [WARN] Warn - Ruta: "/api/usuario" | Método: "GET" | Respuesta HTTP: "401: Unauthorized"
[2023-01-19T18:08:45.080] [WARN] Warn - Ruta: "/api/usuario" | Método: "GET" | Respuesta HTTP: "401: Unauthorized"
[2023-01-19T18:08:45.094] [WARN] Warn - Ruta: "/api/productos/listado" | Método: "GET" | Respuesta HTTP: "401: Unauthorized"
[2023-01-19T18:09:38.694] [WARN] Warn - Ruta: "/api/usuario" | Método: "GET" | Respuesta HTTP: "401: Unauthorized"
[2023-01-19T18:09:38.694] [WARN] Warn - Ruta: "/api/productos/listado" | Método: "GET" | Respuesta HTTP: "401: Unauthorized"
[2023-01-19T18:11:06.423] [WARN] Warn - Ruta: "/api/usuario" | Método: "GET" | Respuesta HTTP: "401: Unauthorized"
[2023-01-19T18:11:07.766] [WARN] Warn - Ruta: "/api/productos/listado" | Método: "GET" | Respuesta HTTP: "401: Unauthorized"
[2023-01-19T18:24:55.487] [WARN] Warn - Ruta: "/api/carrito/63c8af25274b1b21d6a085b8/productos" | Método: "GET" | Respuesta HTTP: "404: Not Found"
[2023-01-19T18:25:30.206] [WARN] Warn - Ruta: "/api/carrito/63c8af25274b1b21d6a085b8/productos" | Método: "GET" | Respuesta HTTP: "404: Not Found"
[2023-01-19T18:26:03.954] [WARN] Warn - Ruta: "/api/carrito/63c8af25274b1b21d6a085b8/productos" | Método: "GET" | Respuesta HTTP: "404: Not Found"
[2023-01-19T18:27:07.169] [WARN] Warn - Ruta: "/api/carrito/63c8af25274b1b21d6a085b8/productos" | Método: "GET" | Respuesta HTTP: "404: Not Found"
[2023-01-19T18:27:20.664] [WARN] Warn - Ruta: "/api/usuario" | Método: "GET" | Respuesta HTTP: "401: Unauthorized"
[2023-01-19T18:27:20.677] [WARN] Warn - Ruta: "/api/productos/listado" | Método: "GET" | Respuesta HTTP: "401: Unauthorized"
[2023-01-19T18:27:32.165] [WARN] Warn - Ruta: "/api/productos/listado" | Método: "GET" | Respuesta HTTP: "401: Unauthorized"
[2023-01-19T18:27:32.165] [WARN] Warn - Ruta: "/api/usuario" | Método: "GET" | Respuesta HTTP: "401: Unauthorized"
[2023-01-19T18:27:46.084] [WARN] Warn - Ruta: "/api/usuario" | Método: "GET" | Respuesta HTTP: "401: Unauthorized"
[2023-01-19T18:27:50.607] [WARN] Warn - Ruta: "/api/usuario" | Método: "GET" | Respuesta HTTP: "401: Unauthorized"
[2023-01-19T18:27:51.119] [WARN] Warn - Ruta: "/api/carrito/undefined" | Método: "POST" | Respuesta HTTP: "401: Unauthorized"
[2023-01-19T18:27:51.631] [WARN] Warn - Ruta: "/api/carrito/-3/productos/632bbd1652facedf4295b933" | Método: "POST" | Respuesta HTTP: "401: Unauthorized"
[2023-01-19T18:28:08.222] [WARN] Warn - Ruta: "/api/usuario" | Método: "GET" | Respuesta HTTP: "401: Unauthorized"
[2023-01-19T18:28:08.737] [WARN] Warn - Ruta: "/api/carrito/undefined" | Método: "POST" | Respuesta HTTP: "401: Unauthorized"
[2023-01-19T18:28:09.246] [WARN] Warn - Ruta: "/api/carrito/-3/productos/632bbd1652facedf4295b933" | Método: "POST" | Respuesta HTTP: "401: Unauthorized"
[2023-01-19T18:29:36.846] [WARN] Warn - Ruta: "/api/carrito/63c8af25274b1b21d6a085b8/productos" | Método: "GET" | Respuesta HTTP: "404: Not Found"
[2023-01-19T18:31:57.611] [WARN] Warn - Ruta: "/api/ordenes/" | Método: "GET" | Respuesta HTTP: "404: Not Found"
[2023-01-19T18:51:13.340] [WARN] Warn - Ruta: "/api/usuario" | Método: "GET" | Respuesta HTTP: "401: Unauthorized"
[2023-01-19T18:51:13.340] [WARN] Warn - Ruta: "/api/ordenes/" | Método: "GET" | Respuesta HTTP: "401: Unauthorized"
[2023-01-19T18:51:17.586] [WARN] Warn - Ruta: "/api/usuario" | Método: "GET" | Respuesta HTTP: "401: Unauthorized"
[2023-01-19T18:59:18.109] [WARN] Warn - Ruta: "/api/carrito/63c9bce38ea42b4d2de82c07/productos" | Método: "GET" | Respuesta HTTP: "404: Not Found"
[2023-01-19T19:19:45.591] [WARN] Warn - Ruta: "/api/usuario" | Método: "GET" | Respuesta HTTP: "401: Unauthorized"
[2023-01-19T19:22:00.440] [WARN] Warn - Ruta: "/api/carrito/63c9bce38ea42b4d2de82c07/productos" | Método: "GET" | Respuesta HTTP: "404: Not Found"
[2023-01-19T19:24:32.759] [WARN] Warn - Ruta: "/api/usuario" | Método: "GET" | Respuesta HTTP: "401: Unauthorized"
[2023-01-19T19:25:13.472] [WARN] Warn - Ruta: "/auth/signup" | Método: "POST" | Respuesta HTTP: "400: Bad Request"
[2023-01-19T19:27:08.165] [WARN] Warn - Ruta: "/api/carrito/63c9c3520a2e1b17c700f2fa/productos" | Método: "GET" | Respuesta HTTP: "404: Not Found"
[2023-01-19T19:35:09.672] [WARN] Warn - Ruta: "/api/usuario" | Método: "GET" | Respuesta HTTP: "401: Unauthorized"
[2023-01-19T19:54:43.953] [WARN] Warn - Ruta: "/api/ordenes/" | Método: "GET" | Respuesta HTTP: "401: Unauthorized"
[2023-01-19T19:54:43.954] [WARN] Warn - Ruta: "/api/usuario" | Método: "GET" | Respuesta HTTP: "401: Unauthorized"
[2023-01-19T19:55:15.127] [WARN] Warn - Ruta: "/api/carrito/63c9c5e142d8bb0c846ce9ae/productos" | Método: "GET" | Respuesta HTTP: "404: Not Found"
[2023-01-20T19:24:06.551] [WARN] Warn - Ruta: "/api/usuario" | Método: "GET" | Respuesta HTTP: "401: Unauthorized"
[2023-01-20T19:35:31.366] [WARN] Warn - Ruta: "/api/usuario" | Método: "GET" | Respuesta HTTP: "401: Unauthorized"
[2023-01-24T12:23:22.434] [WARN] Warn - Ruta: "/api/usuario" | Método: "GET" | Respuesta HTTP: "401: Unauthorized"
[2023-01-24T12:44:58.952] [WARN] Warn - Ruta: "/api/productos/" | Método: "POST" | Respuesta HTTP: "401: Unauthorized"
[2023-01-24T12:45:06.707] [WARN] Warn - Ruta: "/auth/logout" | Método: "POST" | Respuesta HTTP: "401: Unauthorized"
[2023-01-24T12:45:07.490] [WARN] Warn - Ruta: "/api/usuario" | Método: "GET" | Respuesta HTTP: "401: Unauthorized"
[2023-01-24T12:45:57.941] [WARN] Warn - Ruta: "/api/productos/" | Método: "POST" | Respuesta HTTP: "404: Not Found"
[2023-01-24T12:46:17.290] [WARN] Warn - Ruta: "/api/productos/" | Método: "POST" | Respuesta HTTP: "404: Not Found"
[2023-01-24T12:58:18.061] [WARN] Warn - Ruta: "/api/productos/" | Método: "POST" | Respuesta HTTP: "401: Unauthorized"
[2023-01-24T12:58:24.695] [WARN] Warn - Ruta: "/auth/logout" | Método: "POST" | Respuesta HTTP: "401: Unauthorized"
[2023-01-24T12:58:25.638] [WARN] Warn - Ruta: "/api/usuario" | Método: "GET" | Respuesta HTTP: "401: Unauthorized"
[2023-01-26T20:40:44.177] [WARN] Warn - Ruta: "/api/usuario" | Método: "GET" | Respuesta HTTP: "401: Unauthorized"
[2023-01-26T20:40:51.121] [WARN] Warn - Ruta: "/api/usuario" | Método: "GET" | Respuesta HTTP: "401: Unauthorized"
[2023-01-26T20:41:18.818] [WARN] Warn - Ruta: "/api/usuario" | Método: "GET" | Respuesta HTTP: "401: Unauthorized"
[2023-01-27T16:26:46.722] [WARN] Warn - Ruta: "/api/usuario" | Método: "GET" | Respuesta HTTP: "401: Unauthorized"
[2023-01-27T16:30:37.863] [WARN] Warn - Ruta: "/api/usuario" | Método: "GET" | Respuesta HTTP: "401: Unauthorized"
[2023-01-27T16:31:17.230] [WARN] Warn - Ruta: "/api/usuario" | Método: "GET" | Respuesta HTTP: "401: Unauthorized"
[2023-01-27T16:32:40.307] [WARN] Warn - Ruta: "/api/usuario" | Método: "GET" | Respuesta HTTP: "401: Unauthorized"
[2023-01-27T16:34:02.556] [WARN] Warn - Ruta: "/api/usuario" | Método: "GET" | Respuesta HTTP: "401: Unauthorized"
[2023-01-27T16:34:05.813] [WARN] Warn - Ruta: "/api/usuario" | Método: "GET" | Respuesta HTTP: "401: Unauthorized"
[2023-01-27T16:34:15.240] [WARN] Warn - Ruta: "/api/usuario" | Método: "GET" | Respuesta HTTP: "401: Unauthorized"
[2023-01-27T16:36:16.581] [WARN] Warn - Ruta: "/api/usuario" | Método: "GET" | Respuesta HTTP: "401: Unauthorized"
[2023-01-27T16:42:51.279] [WARN] Warn - Ruta: "/api/carrito/63c9c5e142d8bb0c846ce9ae/productos" | Método: "GET" | Respuesta HTTP: "404: Not Found"
[2023-02-01T08:47:03.860] [WARN] Warn - Ruta: "/api/usuario" | Método: "GET" | Respuesta HTTP: "401: Unauthorized"
[2023-02-01T08:48:19.017] [WARN] Warn - Ruta: "/api/carrito/63c9c5e142d8bb0c846ce9ae/productos" | Método: "GET" | Respuesta HTTP: "404: Not Found"
[2023-02-01T08:53:49.181] [WARN] Warn - Ruta: "/api/carrito/63c9c5e142d8bb0c846ce9ae/productos" | Método: "GET" | Respuesta HTTP: "404: Not Found"
[2023-02-01T09:06:01.515] [WARN] Warn - Ruta: "/api/usuario" | Método: "GET" | Respuesta HTTP: "401: Unauthorized"
[2023-02-01T09:06:07.498] [WARN] Warn - Ruta: "/api/usuario" | Método: "GET" | Respuesta HTTP: "401: Unauthorized"
[2023-02-01T09:08:16.228] [WARN] Warn - Ruta: "/api/carrito/63c9c5e142d8bb0c846ce9ae/productos" | Método: "GET" | Respuesta HTTP: "404: Not Found"
[2023-02-01T09:09:38.467] [WARN] Warn - Ruta: "/api/carrito/63c9c5e142d8bb0c846ce9ae/productos" | Método: "GET" | Respuesta HTTP: "404: Not Found"
[2023-02-01T09:15:41.792] [WARN] Warn - Ruta: "/api/carrito/63c9c5e142d8bb0c846ce9ae/productos" | Método: "GET" | Respuesta HTTP: "404: Not Found"
[2023-02-01T09:24:38.560] [WARN] Warn - Ruta: "/api/usuario" | Método: "GET" | Respuesta HTTP: "401: Unauthorized"
[2023-02-01T09:28:48.688] [WARN] Warn - Ruta: "/api/usuario" | Método: "GET" | Respuesta HTTP: "401: Unauthorized"
[2023-02-01T09:33:28.425] [WARN] Warn - Ruta: "/api/usuario" | Método: "GET" | Respuesta HTTP: "401: Unauthorized"
[2023-02-01T09:33:50.372] [WARN] Warn - Ruta: "/api/usuario" | Método: "GET" | Respuesta HTTP: "401: Unauthorized"
[2023-02-01T09:34:03.648] [WARN] Warn - Ruta: "/api/usuario" | Método: "GET" | Respuesta HTTP: "401: Unauthorized"
[2023-02-01T09:35:17.521] [WARN] Warn - Ruta: "/api/usuario" | Método: "GET" | Respuesta HTTP: "401: Unauthorized"
[2023-02-01T09:35:35.719] [WARN] Warn - Ruta: "/api/usuario" | Método: "GET" | Respuesta HTTP: "401: Unauthorized"
[2023-02-01T09:37:11.405] [WARN] Warn - Ruta: "/api/usuario" | Método: "GET" | Respuesta HTTP: "401: Unauthorized"
[2023-02-01T09:37:28.131] [WARN] Warn - Ruta: "/api/usuario" | Método: "GET" | Respuesta HTTP: "401: Unauthorized"
[2023-02-01T09:39:45.326] [WARN] Warn - Ruta: "/api/usuario" | Método: "GET" | Respuesta HTTP: "401: Unauthorized"
